[2026-06-17 19:45:40] logging_config       [INFO    ] Logging configured | log_dir=logs | level=INFO
[2026-06-17 19:45:40] __main__             [INFO    ] ============================================================
[2026-06-17 19:45:40] __main__             [INFO    ]     Adversarial Perturbation Network
[2026-06-17 19:45:40] __main__             [INFO    ] ============================================================
[2026-06-17 19:45:40] __main__             [INFO    ] Mode: both
[2026-06-17 19:45:40] __main__             [INFO    ] Device: cpu
[2026-06-17 19:45:40] __main__             [INFO    ] Dataset: bitmind/MS-COCO-unique-256_training_faces
[2026-06-17 19:45:40] __main__             [INFO    ] HF Config: base_transforms
[2026-06-17 19:45:40] __main__             [INFO    ] Total dataset: 7,180 images
[2026-06-17 19:45:40] __main__             [INFO    ] Data split: 80.0% train (5,744) / 20.0% eval (1,435)
[2026-06-17 19:45:40] __main__             [INFO    ] Epochs: 1
[2026-06-17 19:45:40] __main__             [INFO    ] Steps/epoch: 5,744
[2026-06-17 19:45:40] __main__             [INFO    ] Total train steps: 5,744
[2026-06-17 19:45:40] __main__             [INFO    ] Learning rate: 0.001
[2026-06-17 19:45:40] __main__             [INFO    ] Epsilon: 0.03137  (8.0/255)
[2026-06-17 19:45:40] __main__             [INFO    ] lambda_recon: 50.0
[2026-06-17 19:45:40] __main__             [INFO    ] lambda_tv: 5
[2026-06-17 19:45:40] __main__             [INFO    ] Adaptive lambdas: enabled (threshold: 0.05)
[2026-06-17 19:45:40] __main__             [INFO    ]   lambda_recon_max 250.0
[2026-06-17 19:45:40] __main__             [INFO    ]   lambda_tv_max: 25.0
[2026-06-17 19:45:40] __main__             [INFO    ] UNet base_ch: 8
[2026-06-17 19:45:40] __main__             [INFO    ] ============================================================
[2026-06-17 19:45:40] model                [INFO    ] PerturbationUNet | parameters: 122,483
[2026-06-17 19:45:40] trainer              [INFO    ] YOLO backbone loaded | params: 3,157,200 (frozen)
[2026-06-17 19:45:40] trainer              [INFO    ] Caching 4 sample images with person detections...
[2026-06-17 19:45:40] httpx                [INFO    ] HTTP Request: HEAD https://huggingface.co/datasets/bitmind/MS-COCO-unique-256_training_faces/resolve/main/README.md "HTTP/1.1 307 Temporary Redirect"
[2026-06-17 19:45:40] httpx                [INFO    ] HTTP Request: HEAD https://huggingface.co/api/resolve-cache/datasets/bitmind/MS-COCO-unique-256_training_faces/496bfca829dd232eedcdad715bbeb7b6b40e7074/README.md "HTTP/1.1 200 OK"
[2026-06-17 19:45:40] httpx                [INFO    ] HTTP Request: HEAD https://huggingface.co/datasets/bitmind/MS-COCO-unique-256_training_faces/resolve/496bfca829dd232eedcdad715bbeb7b6b40e7074/MS-COCO-unique-256_training_faces.py "HTTP/1.1 404 Not Found"
[2026-06-17 19:45:40] huggingface_hub.utils._http [WARNING ] Warning: You are sending unauthenticated requests to the HF Hub. Please set a HF_TOKEN to enable higher rate limits and faster downloads.
[2026-06-17 19:45:40] httpx                [INFO    ] HTTP Request: HEAD https://s3.amazonaws.com/datasets.huggingface.co/datasets/datasets/bitmind/MS-COCO-unique-256_training_faces/bitmind/MS-COCO-unique-256_training_faces.py "HTTP/1.1 404 Not Found"
[2026-06-17 19:45:40] httpx                [INFO    ] HTTP Request: GET https://huggingface.co/api/datasets/bitmind/MS-COCO-unique-256_training_faces/revision/496bfca829dd232eedcdad715bbeb7b6b40e7074 "HTTP/1.1 200 OK"
[2026-06-17 19:45:41] httpx                [INFO    ] HTTP Request: HEAD https://huggingface.co/datasets/bitmind/MS-COCO-unique-256_training_faces/resolve/496bfca829dd232eedcdad715bbeb7b6b40e7074/.huggingface.yaml "HTTP/1.1 404 Not Found"
[2026-06-17 19:45:41] httpx                [INFO    ] HTTP Request: GET https://datasets-server.huggingface.co/info?dataset=bitmind/MS-COCO-unique-256_training_faces "HTTP/1.1 200 OK"
[2026-06-17 19:45:41] httpx                [INFO    ] HTTP Request: GET https://huggingface.co/api/datasets/bitmind/MS-COCO-unique-256_training_faces/tree/496bfca829dd232eedcdad715bbeb7b6b40e7074/base_transforms?recursive=true&expand=false "HTTP/1.1 200 OK"
[2026-06-17 19:45:41] httpx                [INFO    ] HTTP Request: GET https://huggingface.co/api/datasets/bitmind/MS-COCO-unique-256_training_faces/tree/496bfca829dd232eedcdad715bbeb7b6b40e7074?recursive=false&expand=false "HTTP/1.1 200 OK"
[2026-06-17 19:45:41] httpx                [INFO    ] HTTP Request: HEAD https://huggingface.co/datasets/bitmind/MS-COCO-unique-256_training_faces/resolve/496bfca829dd232eedcdad715bbeb7b6b40e7074/dataset_infos.json "HTTP/1.1 404 Not Found"
[2026-06-17 19:45:41] httpx                [INFO    ] HTTP Request: GET https://huggingface.co/datasets/bitmind/MS-COCO-unique-256_training_faces/resolve/496bfca829dd232eedcdad715bbeb7b6b40e7074/base_transforms/train-00000-of-00001.parquet "HTTP/1.1 302 Found"
[2026-06-17 19:45:42] httpx                [INFO    ] HTTP Request: GET https://us.aws.cdn.hf.co/xet-bridge-us/66eaf60c2fc2ac253ba27138/7083872756ca2f8dbf309287d5f2fce9bd1702a4b644faa1d819ab8e689b5921?X-Xet-Cas-Uid=public&user_id=public&response-content-disposition=inline%3B+filename*%3DUTF-8%27%27train-00000-of-00001.parquet%3B+filename%3D%22train-00000-of-00001.parquet%22%3B&Expires=1781721941&Policy=eyJTdGF0ZW1lbnQiOlt7IlJlc291cmNlIjoiaHR0cHM6Ly91cy5hd3MuY2RuLmhmLmNvL3hldC1icmlkZ2UtdXMvNjZlYWY2MGMyZmMyYWMyNTNiYTI3MTM4LzcwODM4NzI3NTZjYTJmOGRiZjMwOTI4N2Q1ZjJmY2U5YmQxNzAyYTRiNjQ0ZmFhMWQ4MTlhYjhlNjg5YjU5MjFcXD9YLVhldC1DYXMtVWlkPXB1YmxpYyZ1c2VyX2lkPXB1YmxpYyZyZXNwb25zZS1jb250ZW50LWRpc3Bvc2l0aW9uPWlubGluZSUzQitmaWxlbmFtZSUyQSUzRFVURi04JTI3JTI3dHJhaW4tMDAwMDAtb2YtMDAwMDEucGFycXVldCUzQitmaWxlbmFtZSUzRCUyMnRyYWluLTAwMDAwLW9mLTAwMDAxLnBhcnF1ZXQlMjIlM0IiLCJDb25kaXRpb24iOnsiRGF0ZUxlc3NUaGFuIjp7IkVwb2NoVGltZSI6MTc4MTcyMTk0MX0sIkJ5dGVSYW5nZSI6eyJFeHBlY3RlZEhlYWRlciI6ImJ5dGVzPTQ3NjY5ODcwMy00NzY3NjQyMzgifX19XX0_&Signature=MEQCIBPBHeHcWL8Srjz9j6VSTOw%7ElzRMe3hmIHVcO7bC1r1XAiAKujsvFjhMaNVY9e-reW%7EAmgMv23yijN-lp1W1x2k96A__&Key-Pair-Id=01KAYHXK2CBJSW0YZTMNXK9W1M "HTTP/1.1 206 Partial Content"
[2026-06-17 19:45:42] httpx                [INFO    ] HTTP Request: GET https://huggingface.co/datasets/bitmind/MS-COCO-unique-256_training_faces/resolve/496bfca829dd232eedcdad715bbeb7b6b40e7074/base_transforms/train-00000-of-00001.parquet "HTTP/1.1 302 Found"
[2026-06-17 19:45:42] httpx                [INFO    ] HTTP Request: GET https://cas-bridge.xethub.hf.co/xet-bridge-us/66eaf60c2fc2ac253ba27138/7083872756ca2f8dbf309287d5f2fce9bd1702a4b644faa1d819ab8e689b5921?Expires=1781721942&Policy=eyJTdGF0ZW1lbnQiOlt7IlJlc291cmNlIjoiaHR0cHM6Ly9jYXMtYnJpZGdlLnhldGh1Yi5oZi5jby94ZXQtYnJpZGdlLXVzLzY2ZWFmNjBjMmZjMmFjMjUzYmEyNzEzOC83MDgzODcyNzU2Y2EyZjhkYmYzMDkyODdkNWYyZmNlOWJkMTcwMmE0YjY0NGZhYTFkODE5YWI4ZTY4OWI1OTIxKiIsIkNvbmRpdGlvbiI6eyJEYXRlTGVzc1RoYW4iOnsiQVdTOkVwb2NoVGltZSI6MTc4MTcyMTk0Mn19fV19&Signature=MEUCIQD5L3QTruHLu5ZEPMxYq-vAknzXJ0oyFU3xgiMi-y58IgIgfo3e45FaTuDNcZgtpJivA%7E%7ECa7srC3S8GOMWAc8M7S0_&Key-Pair-Id=K1LYXO563TGWFU&X-Xet-Cas-Uid=public&response-content-disposition=inline%3B+filename*%3DUTF-8%27%27train-00000-of-00001.parquet%3B+filename%3D%22train-00000-of-00001.parquet%22%3B&X-Amz-Algorithm=AWS4-HMAC-SHA256&X-Amz-Credential=cas%2F20260617%2Fus-east-1%2Fs3%2Faws4_request&X-Amz-Date=20260617T174542Z&X-Amz-Expires=3600&X-Amz-SignedHeaders=host&X-Amz-Signature=c62f82e9f8f9243edf4ce06e8be2d44e82b0c19201f361c55049317884fa4370 "HTTP/1.1 206 Partial Content"
[2026-06-17 19:45:43] httpx                [INFO    ] HTTP Request: GET https://huggingface.co/datasets/bitmind/MS-COCO-unique-256_training_faces/resolve/496bfca829dd232eedcdad715bbeb7b6b40e7074/base_transforms/train-00000-of-00001.parquet "HTTP/1.1 302 Found"
[2026-06-17 19:45:43] httpx                [INFO    ] HTTP Request: GET https://cas-bridge.xethub.hf.co/xet-bridge-us/66eaf60c2fc2ac253ba27138/7083872756ca2f8dbf309287d5f2fce9bd1702a4b644faa1d819ab8e689b5921?Expires=1781721943&Policy=eyJTdGF0ZW1lbnQiOlt7IlJlc291cmNlIjoiaHR0cHM6Ly9jYXMtYnJpZGdlLnhldGh1Yi5oZi5jby94ZXQtYnJpZGdlLXVzLzY2ZWFmNjBjMmZjMmFjMjUzYmEyNzEzOC83MDgzODcyNzU2Y2EyZjhkYmYzMDkyODdkNWYyZmNlOWJkMTcwMmE0YjY0NGZhYTFkODE5YWI4ZTY4OWI1OTIxKiIsIkNvbmRpdGlvbiI6eyJEYXRlTGVzc1RoYW4iOnsiQVdTOkVwb2NoVGltZSI6MTc4MTcyMTk0M319fV19&Signature=MEUCIFua%7EXxvKxBLjScFotYZAQLlMcZbIZij8CWXGiEkPphiAiEA5oGNSdu6m9PEIWz1vKIaGijUgXNTtcrvsXKQND9U6A8_&Key-Pair-Id=K1LYXO563TGWFU&response-content-disposition=inline%3B+filename*%3DUTF-8%27%27train-00000-of-00001.parquet%3B+filename%3D%22train-00000-of-00001.parquet%22%3B&X-Xet-Cas-Uid=public&X-Amz-Algorithm=AWS4-HMAC-SHA256&X-Amz-Credential=cas%2F20260617%2Fus-east-1%2Fs3%2Faws4_request&X-Amz-Date=20260617T174543Z&X-Amz-Expires=3600&X-Amz-SignedHeaders=host&X-Amz-Signature=d5e8f85977eeb8c82992d7357fdf6d021a803cd98b0001f969a7ddc9099e285e "HTTP/1.1 206 Partial Content"
[2026-06-17 19:45:43] httpx                [INFO    ] HTTP Request: GET https://huggingface.co/datasets/bitmind/MS-COCO-unique-256_training_faces/resolve/496bfca829dd232eedcdad715bbeb7b6b40e7074/base_transforms/train-00000-of-00001.parquet "HTTP/1.1 302 Found"
[2026-06-17 19:45:43] httpx                [INFO    ] HTTP Request: GET https://cas-bridge.xethub.hf.co/xet-bridge-us/66eaf60c2fc2ac253ba27138/7083872756ca2f8dbf309287d5f2fce9bd1702a4b644faa1d819ab8e689b5921?Expires=1781721943&Policy=eyJTdGF0ZW1lbnQiOlt7IlJlc291cmNlIjoiaHR0cHM6Ly9jYXMtYnJpZGdlLnhldGh1Yi5oZi5jby94ZXQtYnJpZGdlLXVzLzY2ZWFmNjBjMmZjMmFjMjUzYmEyNzEzOC83MDgzODcyNzU2Y2EyZjhkYmYzMDkyODdkNWYyZmNlOWJkMTcwMmE0YjY0NGZhYTFkODE5YWI4ZTY4OWI1OTIxKiIsIkNvbmRpdGlvbiI6eyJEYXRlTGVzc1RoYW4iOnsiQVdTOkVwb2NoVGltZSI6MTc4MTcyMTk0M319fV19&Signature=MEUCIFua%7EXxvKxBLjScFotYZAQLlMcZbIZij8CWXGiEkPphiAiEA5oGNSdu6m9PEIWz1vKIaGijUgXNTtcrvsXKQND9U6A8_&Key-Pair-Id=K1LYXO563TGWFU&response-content-disposition=inline%3B+filename*%3DUTF-8%27%27train-00000-of-00001.parquet%3B+filename%3D%22train-00000-of-00001.parquet%22%3B&X-Xet-Cas-Uid=public&X-Amz-Algorithm=AWS4-HMAC-SHA256&X-Amz-Credential=cas%2F20260617%2Fus-east-1%2Fs3%2Faws4_request&X-Amz-Date=20260617T174543Z&X-Amz-Expires=3600&X-Amz-SignedHeaders=host&X-Amz-Signature=d5e8f85977eeb8c82992d7357fdf6d021a803cd98b0001f969a7ddc9099e285e "HTTP/1.1 206 Partial Content"
[2026-06-17 19:45:44] trainer              [INFO    ] Starting training | epochs=1 | steps/epoch=5744
[2026-06-17 19:45:44] httpx                [INFO    ] HTTP Request: GET https://huggingface.co/datasets/bitmind/MS-COCO-unique-256_training_faces/resolve/496bfca829dd232eedcdad715bbeb7b6b40e7074/base_transforms/train-00000-of-00001.parquet "HTTP/1.1 302 Found"
[2026-06-17 19:45:44] httpx                [INFO    ] HTTP Request: GET https://us.aws.cdn.hf.co/xet-bridge-us/66eaf60c2fc2ac253ba27138/7083872756ca2f8dbf309287d5f2fce9bd1702a4b644faa1d819ab8e689b5921?response-content-disposition=inline%3B+filename*%3DUTF-8%27%27train-00000-of-00001.parquet%3B+filename%3D%22train-00000-of-00001.parquet%22%3B&user_id=public&X-Xet-Cas-Uid=public&Expires=1781721944&Policy=eyJTdGF0ZW1lbnQiOlt7IlJlc291cmNlIjoiaHR0cHM6Ly91cy5hd3MuY2RuLmhmLmNvL3hldC1icmlkZ2UtdXMvNjZlYWY2MGMyZmMyYWMyNTNiYTI3MTM4LzcwODM4NzI3NTZjYTJmOGRiZjMwOTI4N2Q1ZjJmY2U5YmQxNzAyYTRiNjQ0ZmFhMWQ4MTlhYjhlNjg5YjU5MjFcXD9yZXNwb25zZS1jb250ZW50LWRpc3Bvc2l0aW9uPWlubGluZSUzQitmaWxlbmFtZSUyQSUzRFVURi04JTI3JTI3dHJhaW4tMDAwMDAtb2YtMDAwMDEucGFycXVldCUzQitmaWxlbmFtZSUzRCUyMnRyYWluLTAwMDAwLW9mLTAwMDAxLnBhcnF1ZXQlMjIlM0ImdXNlcl9pZD1wdWJsaWMmWC1YZXQtQ2FzLVVpZD1wdWJsaWMiLCJDb25kaXRpb24iOnsiRGF0ZUxlc3NUaGFuIjp7IkVwb2NoVGltZSI6MTc4MTcyMTk0NH0sIkJ5dGVSYW5nZSI6eyJFeHBlY3RlZEhlYWRlciI6ImJ5dGVzPTEwNDczMzAxMi0xMzc1MTg1MTcifX19XX0_&Signature=MEQCIHgS7wAy5q6hoAKHL48ARZ1MP-PdQKCd0JTVNr-2T4YiAiBo50OszDntM2Uvt9dtZXYjxotHrfKCojBefoj09OESHQ__&Key-Pair-Id=01KAYHXK2CBJSW0YZTMNXK9W1M "HTTP/1.1 206 Partial Content"
[2026-06-17 19:45:45] httpx                [INFO    ] HTTP Request: GET https://huggingface.co/datasets/bitmind/MS-COCO-unique-256_training_faces/resolve/496bfca829dd232eedcdad715bbeb7b6b40e7074/base_transforms/train-00000-of-00001.parquet "HTTP/1.1 302 Found"
[2026-06-17 19:45:46] httpx                [INFO    ] HTTP Request: GET https://us.aws.cdn.hf.co/xet-bridge-us/66eaf60c2fc2ac253ba27138/7083872756ca2f8dbf309287d5f2fce9bd1702a4b644faa1d819ab8e689b5921?user_id=public&X-Xet-Cas-Uid=public&response-content-disposition=inline%3B+filename*%3DUTF-8%27%27train-00000-of-00001.parquet%3B+filename%3D%22train-00000-of-00001.parquet%22%3B&Expires=1781721945&Policy=eyJTdGF0ZW1lbnQiOlt7IlJlc291cmNlIjoiaHR0cHM6Ly91cy5hd3MuY2RuLmhmLmNvL3hldC1icmlkZ2UtdXMvNjZlYWY2MGMyZmMyYWMyNTNiYTI3MTM4LzcwODM4NzI3NTZjYTJmOGRiZjMwOTI4N2Q1ZjJmY2U5YmQxNzAyYTRiNjQ0ZmFhMWQ4MTlhYjhlNjg5YjU5MjFcXD91c2VyX2lkPXB1YmxpYyZYLVhldC1DYXMtVWlkPXB1YmxpYyZyZXNwb25zZS1jb250ZW50LWRpc3Bvc2l0aW9uPWlubGluZSUzQitmaWxlbmFtZSUyQSUzRFVURi04JTI3JTI3dHJhaW4tMDAwMDAtb2YtMDAwMDEucGFycXVldCUzQitmaWxlbmFtZSUzRCUyMnRyYWluLTAwMDAwLW9mLTAwMDAxLnBhcnF1ZXQlMjIlM0IiLCJDb25kaXRpb24iOnsiRGF0ZUxlc3NUaGFuIjp7IkVwb2NoVGltZSI6MTc4MTcyMTk0NX0sIkJ5dGVSYW5nZSI6eyJFeHBlY3RlZEhlYWRlciI6ImJ5dGVzPTEzNzUxODUxOC0xNzA4NDUxNTEifX19XX0_&Signature=MEUCIQDf8PfKoeQuB9nsphNdd2N%7ENkXpRYnfyce6sJ5%7EPjglVgIgEoBSP-fHOqnzMKJhL-4mq5zDG7jMJ%7EsH2Ye7J3qmoYc_&Key-Pair-Id=01KAYHXK2CBJSW0YZTMNXK9W1M "HTTP/1.1 206 Partial Content"
[2026-06-17 19:45:46] httpx                [INFO    ] HTTP Request: GET https://huggingface.co/datasets/bitmind/MS-COCO-unique-256_training_faces/resolve/496bfca829dd232eedcdad715bbeb7b6b40e7074/base_transforms/train-00000-of-00001.parquet "HTTP/1.1 302 Found"
[2026-06-17 19:45:47] httpx                [INFO    ] HTTP Request: GET https://us.aws.cdn.hf.co/xet-bridge-us/66eaf60c2fc2ac253ba27138/7083872756ca2f8dbf309287d5f2fce9bd1702a4b644faa1d819ab8e689b5921?X-Xet-Cas-Uid=public&user_id=public&response-content-disposition=inline%3B+filename*%3DUTF-8%27%27train-00000-of-00001.parquet%3B+filename%3D%22train-00000-of-00001.parquet%22%3B&Expires=1781721946&Policy=eyJTdGF0ZW1lbnQiOlt7IlJlc291cmNlIjoiaHR0cHM6Ly91cy5hd3MuY2RuLmhmLmNvL3hldC1icmlkZ2UtdXMvNjZlYWY2MGMyZmMyYWMyNTNiYTI3MTM4LzcwODM4NzI3NTZjYTJmOGRiZjMwOTI4N2Q1ZjJmY2U5YmQxNzAyYTRiNjQ0ZmFhMWQ4MTlhYjhlNjg5YjU5MjFcXD9YLVhldC1DYXMtVWlkPXB1YmxpYyZ1c2VyX2lkPXB1YmxpYyZyZXNwb25zZS1jb250ZW50LWRpc3Bvc2l0aW9uPWlubGluZSUzQitmaWxlbmFtZSUyQSUzRFVURi04JTI3JTI3dHJhaW4tMDAwMDAtb2YtMDAwMDEucGFycXVldCUzQitmaWxlbmFtZSUzRCUyMnRyYWluLTAwMDAwLW9mLTAwMDAxLnBhcnF1ZXQlMjIlM0IiLCJDb25kaXRpb24iOnsiRGF0ZUxlc3NUaGFuIjp7IkVwb2NoVGltZSI6MTc4MTcyMTk0Nn0sIkJ5dGVSYW5nZSI6eyJFeHBlY3RlZEhlYWRlciI6ImJ5dGVzPTE3MDg0NTE1Mi0yMDQwNDc3ODUifX19XX0_&Signature=MEYCIQCtKPefYPK-hgjtZFHLPOv5euPTS%7EBLwv8I9x4FYsjg8gIhAPF8hFNuE5VoUpBOg-2SzAeefqMSyw1C-Z5HlWFIV-Af&Key-Pair-Id=01KAYHXK2CBJSW0YZTMNXK9W1M "HTTP/1.1 206 Partial Content"
[2026-06-17 19:45:48] httpx                [INFO    ] HTTP Request: GET https://huggingface.co/datasets/bitmind/MS-COCO-unique-256_training_faces/resolve/496bfca829dd232eedcdad715bbeb7b6b40e7074/base_transforms/train-00000-of-00001.parquet "HTTP/1.1 302 Found"
[2026-06-17 19:45:48] httpx                [INFO    ] HTTP Request: GET https://us.aws.cdn.hf.co/xet-bridge-us/66eaf60c2fc2ac253ba27138/7083872756ca2f8dbf309287d5f2fce9bd1702a4b644faa1d819ab8e689b5921?X-Xet-Cas-Uid=public&response-content-disposition=inline%3B+filename*%3DUTF-8%27%27train-00000-of-00001.parquet%3B+filename%3D%22train-00000-of-00001.parquet%22%3B&user_id=public&Expires=1781721948&Policy=eyJTdGF0ZW1lbnQiOlt7IlJlc291cmNlIjoiaHR0cHM6Ly91cy5hd3MuY2RuLmhmLmNvL3hldC1icmlkZ2UtdXMvNjZlYWY2MGMyZmMyYWMyNTNiYTI3MTM4LzcwODM4NzI3NTZjYTJmOGRiZjMwOTI4N2Q1ZjJmY2U5YmQxNzAyYTRiNjQ0ZmFhMWQ4MTlhYjhlNjg5YjU5MjFcXD9YLVhldC1DYXMtVWlkPXB1YmxpYyZyZXNwb25zZS1jb250ZW50LWRpc3Bvc2l0aW9uPWlubGluZSUzQitmaWxlbmFtZSUyQSUzRFVURi04JTI3JTI3dHJhaW4tMDAwMDAtb2YtMDAwMDEucGFycXVldCUzQitmaWxlbmFtZSUzRCUyMnRyYWluLTAwMDAwLW9mLTAwMDAxLnBhcnF1ZXQlMjIlM0ImdXNlcl9pZD1wdWJsaWMiLCJDb25kaXRpb24iOnsiRGF0ZUxlc3NUaGFuIjp7IkVwb2NoVGltZSI6MTc4MTcyMTk0OH0sIkJ5dGVSYW5nZSI6eyJFeHBlY3RlZEhlYWRlciI6ImJ5dGVzPTIwNDA0Nzc4Ni0yMzY1OTc4NjAifX19XX0_&Signature=MEUCIQDnvq1KikMvMG0ZEnKmUxER54JAXb3U6iNBVXbBrSmelAIgTRD9QPOEK-xnGb0cM5I6I7c1fisKH-wzITqiy4CsEU4_&Key-Pair-Id=01KAYHXK2CBJSW0YZTMNXK9W1M "HTTP/1.1 206 Partial Content"
[2026-06-17 19:45:49] httpx                [INFO    ] HTTP Request: GET https://huggingface.co/datasets/bitmind/MS-COCO-unique-256_training_faces/resolve/496bfca829dd232eedcdad715bbeb7b6b40e7074/base_transforms/train-00000-of-00001.parquet "HTTP/1.1 302 Found"
[2026-06-17 19:45:49] httpx                [INFO    ] HTTP Request: GET https://cas-bridge.xethub.hf.co/xet-bridge-us/66eaf60c2fc2ac253ba27138/7083872756ca2f8dbf309287d5f2fce9bd1702a4b644faa1d819ab8e689b5921?Expires=1781721949&Policy=eyJTdGF0ZW1lbnQiOlt7IlJlc291cmNlIjoiaHR0cHM6Ly9jYXMtYnJpZGdlLnhldGh1Yi5oZi5jby94ZXQtYnJpZGdlLXVzLzY2ZWFmNjBjMmZjMmFjMjUzYmEyNzEzOC83MDgzODcyNzU2Y2EyZjhkYmYzMDkyODdkNWYyZmNlOWJkMTcwMmE0YjY0NGZhYTFkODE5YWI4ZTY4OWI1OTIxKiIsIkNvbmRpdGlvbiI6eyJEYXRlTGVzc1RoYW4iOnsiQVdTOkVwb2NoVGltZSI6MTc4MTcyMTk0OX19fV19&Signature=MEUCIQC2HY02R2ompHGgwxmUp1oha-3VzhOpNFHYKUzVrz1dRQIgAhSrLwYCNbOyx-hHfwe3yLtyeijaLjkCG3pl%7EbiO63E_&Key-Pair-Id=K1LYXO563TGWFU&response-content-disposition=inline%3B+filename*%3DUTF-8%27%27train-00000-of-00001.parquet%3B+filename%3D%22train-00000-of-00001.parquet%22%3B&X-Xet-Cas-Uid=public&X-Amz-Algorithm=AWS4-HMAC-SHA256&X-Amz-Credential=cas%2F20260617%2Fus-east-1%2Fs3%2Faws4_request&X-Amz-Date=20260617T174549Z&X-Amz-Expires=3600&X-Amz-SignedHeaders=host&X-Amz-Signature=60df3687b2325fac4378a6d41a29eef76ca715b579db2840bb98d83db828251d "HTTP/1.1 206 Partial Content"
[2026-06-17 19:45:49] httpx                [INFO    ] HTTP Request: GET https://huggingface.co/datasets/bitmind/MS-COCO-unique-256_training_faces/resolve/496bfca829dd232eedcdad715bbeb7b6b40e7074/base_transforms/train-00000-of-00001.parquet "HTTP/1.1 302 Found"
[2026-06-17 19:45:50] httpx                [INFO    ] HTTP Request: GET https://us.aws.cdn.hf.co/xet-bridge-us/66eaf60c2fc2ac253ba27138/7083872756ca2f8dbf309287d5f2fce9bd1702a4b644faa1d819ab8e689b5921?response-content-disposition=inline%3B+filename*%3DUTF-8%27%27train-00000-of-00001.parquet%3B+filename%3D%22train-00000-of-00001.parquet%22%3B&user_id=public&X-Xet-Cas-Uid=public&Expires=1781721949&Policy=eyJTdGF0ZW1lbnQiOlt7IlJlc291cmNlIjoiaHR0cHM6Ly91cy5hd3MuY2RuLmhmLmNvL3hldC1icmlkZ2UtdXMvNjZlYWY2MGMyZmMyYWMyNTNiYTI3MTM4LzcwODM4NzI3NTZjYTJmOGRiZjMwOTI4N2Q1ZjJmY2U5YmQxNzAyYTRiNjQ0ZmFhMWQ4MTlhYjhlNjg5YjU5MjFcXD9yZXNwb25zZS1jb250ZW50LWRpc3Bvc2l0aW9uPWlubGluZSUzQitmaWxlbmFtZSUyQSUzRFVURi04JTI3JTI3dHJhaW4tMDAwMDAtb2YtMDAwMDEucGFycXVldCUzQitmaWxlbmFtZSUzRCUyMnRyYWluLTAwMDAwLW9mLTAwMDAxLnBhcnF1ZXQlMjIlM0ImdXNlcl9pZD1wdWJsaWMmWC1YZXQtQ2FzLVVpZD1wdWJsaWMiLCJDb25kaXRpb24iOnsiRGF0ZUxlc3NUaGFuIjp7IkVwb2NoVGltZSI6MTc4MTcyMTk0OX0sIkJ5dGVSYW5nZSI6eyJFeHBlY3RlZEhlYWRlciI6ImJ5dGVzPTI2OTk3ODkxNi0zMDI3ODE3NDMifX19XX0_&Signature=MEYCIQCLobooeicFPbLRL8oFwHbszJSqDZooEH0MLc6vOlV%7EuAIhALHor9qkEqFJkN14edqRME4JmjBNvXjFo9i2NApfjjwS&Key-Pair-Id=01KAYHXK2CBJSW0YZTMNXK9W1M "HTTP/1.1 206 Partial Content"
[2026-06-17 19:45:50] httpx                [INFO    ] HTTP Request: GET https://huggingface.co/datasets/bitmind/MS-COCO-unique-256_training_faces/resolve/496bfca829dd232eedcdad715bbeb7b6b40e7074/base_transforms/train-00000-of-00001.parquet "HTTP/1.1 302 Found"
[2026-06-17 19:45:50] httpx                [INFO    ] HTTP Request: GET https://cas-bridge.xethub.hf.co/xet-bridge-us/66eaf60c2fc2ac253ba27138/7083872756ca2f8dbf309287d5f2fce9bd1702a4b644faa1d819ab8e689b5921?Expires=1781721950&Policy=eyJTdGF0ZW1lbnQiOlt7IlJlc291cmNlIjoiaHR0cHM6Ly9jYXMtYnJpZGdlLnhldGh1Yi5oZi5jby94ZXQtYnJpZGdlLXVzLzY2ZWFmNjBjMmZjMmFjMjUzYmEyNzEzOC83MDgzODcyNzU2Y2EyZjhkYmYzMDkyODdkNWYyZmNlOWJkMTcwMmE0YjY0NGZhYTFkODE5YWI4ZTY4OWI1OTIxKiIsIkNvbmRpdGlvbiI6eyJEYXRlTGVzc1RoYW4iOnsiQVdTOkVwb2NoVGltZSI6MTc4MTcyMTk1MH19fV19&Signature=MEYCIQD1zfVSDJeUgC1ib6Auu4iRWiNR0aBVmxi4Ou8P6Y73SQIhAO2T3ZUIgksy1A6E2BpSJfBh3aSNc%7EwkWKoifdFPos0G&Key-Pair-Id=K1LYXO563TGWFU&X-Xet-Cas-Uid=public&response-content-disposition=inline%3B+filename*%3DUTF-8%27%27train-00000-of-00001.parquet%3B+filename%3D%22train-00000-of-00001.parquet%22%3B&X-Amz-Algorithm=AWS4-HMAC-SHA256&X-Amz-Credential=cas%2F20260617%2Fus-east-1%2Fs3%2Faws4_request&X-Amz-Date=20260617T174550Z&X-Amz-Expires=3600&X-Amz-SignedHeaders=host&X-Amz-Signature=69acf8b2cde6a3529c4c9c1f3ff6675b08e48f751cdb7ce62c59c828e2f7d609 "HTTP/1.1 206 Partial Content"
[2026-06-17 19:45:51] httpx                [INFO    ] HTTP Request: GET https://huggingface.co/datasets/bitmind/MS-COCO-unique-256_training_faces/resolve/496bfca829dd232eedcdad715bbeb7b6b40e7074/base_transforms/train-00000-of-00001.parquet "HTTP/1.1 302 Found"
[2026-06-17 19:45:51] httpx                [INFO    ] HTTP Request: GET https://us.aws.cdn.hf.co/xet-bridge-us/66eaf60c2fc2ac253ba27138/7083872756ca2f8dbf309287d5f2fce9bd1702a4b644faa1d819ab8e689b5921?X-Xet-Cas-Uid=public&user_id=public&response-content-disposition=inline%3B+filename*%3DUTF-8%27%27train-00000-of-00001.parquet%3B+filename%3D%22train-00000-of-00001.parquet%22%3B&Expires=1781721951&Policy=eyJTdGF0ZW1lbnQiOlt7IlJlc291cmNlIjoiaHR0cHM6Ly91cy5hd3MuY2RuLmhmLmNvL3hldC1icmlkZ2UtdXMvNjZlYWY2MGMyZmMyYWMyNTNiYTI3MTM4LzcwODM4NzI3NTZjYTJmOGRiZjMwOTI4N2Q1ZjJmY2U5YmQxNzAyYTRiNjQ0ZmFhMWQ4MTlhYjhlNjg5YjU5MjFcXD9YLVhldC1DYXMtVWlkPXB1YmxpYyZ1c2VyX2lkPXB1YmxpYyZyZXNwb25zZS1jb250ZW50LWRpc3Bvc2l0aW9uPWlubGluZSUzQitmaWxlbmFtZSUyQSUzRFVURi04JTI3JTI3dHJhaW4tMDAwMDAtb2YtMDAwMDEucGFycXVldCUzQitmaWxlbmFtZSUzRCUyMnRyYWluLTAwMDAwLW9mLTAwMDAxLnBhcnF1ZXQlMjIlM0IiLCJDb25kaXRpb24iOnsiRGF0ZUxlc3NUaGFuIjp7IkVwb2NoVGltZSI6MTc4MTcyMTk1MX0sIkJ5dGVSYW5nZSI6eyJFeHBlY3RlZEhlYWRlciI6ImJ5dGVzPTMzNjA2NjMzMi0zNjkzMzQzNTkifX19XX0_&Signature=MEUCIC0CRriRpAhCPBuWMhqEyX2DocIOuCH-Mt5pU3MelvznAiEA8uzP3%7EbBgWM9LEd8eUuuJe7FUKeEQXV9-n5Taq3sg34_&Key-Pair-Id=01KAYHXK2CBJSW0YZTMNXK9W1M "HTTP/1.1 206 Partial Content"
[2026-06-17 19:45:52] trainer              [INFO    ] Epoch 01/1 | Step 000050 | Loss 0.2368 (det=0.2196 recon=0.000133 tv=0.001269)
[2026-06-17 19:45:52] httpx                [INFO    ] HTTP Request: GET https://huggingface.co/datasets/bitmind/MS-COCO-unique-256_training_faces/resolve/496bfca829dd232eedcdad715bbeb7b6b40e7074/base_transforms/train-00000-of-00001.parquet "HTTP/1.1 302 Found"
[2026-06-17 19:45:52] httpx                [INFO    ] HTTP Request: GET https://cas-bridge.xethub.hf.co/xet-bridge-us/66eaf60c2fc2ac253ba27138/7083872756ca2f8dbf309287d5f2fce9bd1702a4b644faa1d819ab8e689b5921?Expires=1781721952&Policy=eyJTdGF0ZW1lbnQiOlt7IlJlc291cmNlIjoiaHR0cHM6Ly9jYXMtYnJpZGdlLnhldGh1Yi5oZi5jby94ZXQtYnJpZGdlLXVzLzY2ZWFmNjBjMmZjMmFjMjUzYmEyNzEzOC83MDgzODcyNzU2Y2EyZjhkYmYzMDkyODdkNWYyZmNlOWJkMTcwMmE0YjY0NGZhYTFkODE5YWI4ZTY4OWI1OTIxKiIsIkNvbmRpdGlvbiI6eyJEYXRlTGVzc1RoYW4iOnsiQVdTOkVwb2NoVGltZSI6MTc4MTcyMTk1Mn19fV19&Signature=MEQCIF4TyUM0cHAivIR%7ERhV5BXBEaf0mFk%7ENvsKKz2xP6TzsAiAk1S8Z5euTYtewLoMyCWl8Pe-eB7QKpN6pFBXDxzB%7Eww__&Key-Pair-Id=K1LYXO563TGWFU&X-Xet-Cas-Uid=public&response-content-disposition=inline%3B+filename*%3DUTF-8%27%27train-00000-of-00001.parquet%3B+filename%3D%22train-00000-of-00001.parquet%22%3B&X-Amz-Algorithm=AWS4-HMAC-SHA256&X-Amz-Credential=cas%2F20260617%2Fus-east-1%2Fs3%2Faws4_request&X-Amz-Date=20260617T174552Z&X-Amz-Expires=3600&X-Amz-SignedHeaders=host&X-Amz-Signature=72034f5d00c7ab38ef21fdfe0ece3ec9c5ec16d90603b10d8f50f9032ddf8b6c "HTTP/1.1 206 Partial Content"
[2026-06-17 19:45:52] httpx                [INFO    ] HTTP Request: GET https://huggingface.co/datasets/bitmind/MS-COCO-unique-256_training_faces/resolve/496bfca829dd232eedcdad715bbeb7b6b40e7074/base_transforms/train-00000-of-00001.parquet "HTTP/1.1 302 Found"
[2026-06-17 19:45:52] httpx                [INFO    ] HTTP Request: GET https://cas-bridge.xethub.hf.co/xet-bridge-us/66eaf60c2fc2ac253ba27138/7083872756ca2f8dbf309287d5f2fce9bd1702a4b644faa1d819ab8e689b5921?Expires=1781721952&Policy=eyJTdGF0ZW1lbnQiOlt7IlJlc291cmNlIjoiaHR0cHM6Ly9jYXMtYnJpZGdlLnhldGh1Yi5oZi5jby94ZXQtYnJpZGdlLXVzLzY2ZWFmNjBjMmZjMmFjMjUzYmEyNzEzOC83MDgzODcyNzU2Y2EyZjhkYmYzMDkyODdkNWYyZmNlOWJkMTcwMmE0YjY0NGZhYTFkODE5YWI4ZTY4OWI1OTIxKiIsIkNvbmRpdGlvbiI6eyJEYXRlTGVzc1RoYW4iOnsiQVdTOkVwb2NoVGltZSI6MTc4MTcyMTk1Mn19fV19&Signature=MEQCIF4TyUM0cHAivIR%7ERhV5BXBEaf0mFk%7ENvsKKz2xP6TzsAiAk1S8Z5euTYtewLoMyCWl8Pe-eB7QKpN6pFBXDxzB%7Eww__&Key-Pair-Id=K1LYXO563TGWFU&response-content-disposition=inline%3B+filename*%3DUTF-8%27%27train-00000-of-00001.parquet%3B+filename%3D%22train-00000-of-00001.parquet%22%3B&X-Xet-Cas-Uid=public&X-Amz-Algorithm=AWS4-HMAC-SHA256&X-Amz-Credential=cas%2F20260617%2Fus-east-1%2Fs3%2Faws4_request&X-Amz-Date=20260617T174552Z&X-Amz-Expires=3600&X-Amz-SignedHeaders=host&X-Amz-Signature=72034f5d00c7ab38ef21fdfe0ece3ec9c5ec16d90603b10d8f50f9032ddf8b6c "HTTP/1.1 206 Partial Content"
[2026-06-17 19:45:53] httpx                [INFO    ] HTTP Request: GET https://huggingface.co/datasets/bitmind/MS-COCO-unique-256_training_faces/resolve/496bfca829dd232eedcdad715bbeb7b6b40e7074/base_transforms/train-00000-of-00001.parquet "HTTP/1.1 302 Found"
[2026-06-17 19:45:53] httpx                [INFO    ] HTTP Request: GET https://cas-bridge.xethub.hf.co/xet-bridge-us/66eaf60c2fc2ac253ba27138/7083872756ca2f8dbf309287d5f2fce9bd1702a4b644faa1d819ab8e689b5921?Expires=1781721953&Policy=eyJTdGF0ZW1lbnQiOlt7IlJlc291cmNlIjoiaHR0cHM6Ly9jYXMtYnJpZGdlLnhldGh1Yi5oZi5jby94ZXQtYnJpZGdlLXVzLzY2ZWFmNjBjMmZjMmFjMjUzYmEyNzEzOC83MDgzODcyNzU2Y2EyZjhkYmYzMDkyODdkNWYyZmNlOWJkMTcwMmE0YjY0NGZhYTFkODE5YWI4ZTY4OWI1OTIxKiIsIkNvbmRpdGlvbiI6eyJEYXRlTGVzc1RoYW4iOnsiQVdTOkVwb2NoVGltZSI6MTc4MTcyMTk1M319fV19&Signature=MEUCIAKDf5MRoFSUMv-UnB%7EeqOfsTJa8LHYp-kcfuEpY3NNBAiEAy8FlVuDl0YTp2vp41XE5GZlDIQpaQEC1992FZ8XaTlU_&Key-Pair-Id=K1LYXO563TGWFU&X-Xet-Cas-Uid=public&response-content-disposition=inline%3B+filename*%3DUTF-8%27%27train-00000-of-00001.parquet%3B+filename%3D%22train-00000-of-00001.parquet%22%3B&X-Amz-Algorithm=AWS4-HMAC-SHA256&X-Amz-Credential=cas%2F20260617%2Fus-east-1%2Fs3%2Faws4_request&X-Amz-Date=20260617T174553Z&X-Amz-Expires=3600&X-Amz-SignedHeaders=host&X-Amz-Signature=392de5f87ad43d955652ccbf321ff51a014894bd80a0da4df815b11e5924d86b "HTTP/1.1 206 Partial Content"
[2026-06-17 19:45:53] httpx                [INFO    ] HTTP Request: GET https://huggingface.co/datasets/bitmind/MS-COCO-unique-256_training_faces/resolve/496bfca829dd232eedcdad715bbeb7b6b40e7074/base_transforms/train-00000-of-00001.parquet "HTTP/1.1 302 Found"
[2026-06-17 19:45:53] httpx                [INFO    ] HTTP Request: GET https://cas-bridge.xethub.hf.co/xet-bridge-us/66eaf60c2fc2ac253ba27138/7083872756ca2f8dbf309287d5f2fce9bd1702a4b644faa1d819ab8e689b5921?Expires=1781721953&Policy=eyJTdGF0ZW1lbnQiOlt7IlJlc291cmNlIjoiaHR0cHM6Ly9jYXMtYnJpZGdlLnhldGh1Yi5oZi5jby94ZXQtYnJpZGdlLXVzLzY2ZWFmNjBjMmZjMmFjMjUzYmEyNzEzOC83MDgzODcyNzU2Y2EyZjhkYmYzMDkyODdkNWYyZmNlOWJkMTcwMmE0YjY0NGZhYTFkODE5YWI4ZTY4OWI1OTIxKiIsIkNvbmRpdGlvbiI6eyJEYXRlTGVzc1RoYW4iOnsiQVdTOkVwb2NoVGltZSI6MTc4MTcyMTk1M319fV19&Signature=MEUCIAKDf5MRoFSUMv-UnB%7EeqOfsTJa8LHYp-kcfuEpY3NNBAiEAy8FlVuDl0YTp2vp41XE5GZlDIQpaQEC1992FZ8XaTlU_&Key-Pair-Id=K1LYXO563TGWFU&response-content-disposition=inline%3B+filename*%3DUTF-8%27%27train-00000-of-00001.parquet%3B+filename%3D%22train-00000-of-00001.parquet%22%3B&X-Xet-Cas-Uid=public&X-Amz-Algorithm=AWS4-HMAC-SHA256&X-Amz-Credential=cas%2F20260617%2Fus-east-1%2Fs3%2Faws4_request&X-Amz-Date=20260617T174553Z&X-Amz-Expires=3600&X-Amz-SignedHeaders=host&X-Amz-Signature=392de5f87ad43d955652ccbf321ff51a014894bd80a0da4df815b11e5924d86b "HTTP/1.1 206 Partial Content"
[2026-06-17 19:45:59] trainer              [INFO    ] Epoch 01/1 | Step 000100 | Loss 0.1884 (det=0.1671 recon=0.000184 tv=0.001086)
[2026-06-17 19:46:06] trainer              [INFO    ] Epoch 01/1 | Step 000150 | Loss 0.1392 (det=0.1069 recon=0.000163 tv=0.002270)
[2026-06-17 19:46:14] trainer              [INFO    ] Epoch 01/1 | Step 000200 | Loss 0.1678 (det=0.1182 recon=0.000223 tv=0.002794)
[2026-06-17 19:46:21] trainer              [INFO    ] Epoch 01/1 | Step 000250 | Loss 0.1459 (det=0.0967 recon=0.000213 tv=0.002496)
[2026-06-17 19:46:21] trainer              [INFO    ] Checkpoint saved in outputs\checkpoints\ckpt_ep000_s000250.pt
[2026-06-17 19:46:21] trainer              [INFO    ] Sample grid saved in outputs\samples\sample_s000250.png
[2026-06-17 19:46:30] trainer              [INFO    ] Epoch 01/1 | Step 000300 | Loss 0.1181 (det=0.0604 recon=0.000181 tv=0.002933)
[2026-06-17 19:46:38] trainer              [INFO    ] Epoch 01/1 | Step 000350 | Loss 0.1160 (det=0.0641 recon=0.000168 tv=0.002960)
[2026-06-17 19:46:45] trainer              [INFO    ] Epoch 01/1 | Step 000400 | Loss 0.1229 (det=0.0596 recon=0.000161 tv=0.003098)
[2026-06-17 19:47:01] logging_config       [INFO    ] Logging configured | log_dir=logs | level=INFO
[2026-06-17 19:47:01] __main__             [INFO    ] ============================================================
[2026-06-17 19:47:01] __main__             [INFO    ]     Adversarial Perturbation Network
[2026-06-17 19:47:01] __main__             [INFO    ] ============================================================
[2026-06-17 19:47:01] __main__             [INFO    ] Mode: both
[2026-06-17 19:47:01] __main__             [INFO    ] Device: cpu
[2026-06-17 19:47:01] __main__             [INFO    ] Dataset: bitmind/MS-COCO-unique-256_training_faces
[2026-06-17 19:47:01] __main__             [INFO    ] HF Config: base_transforms
[2026-06-17 19:47:01] __main__             [INFO    ] Total dataset: 7,180 images
[2026-06-17 19:47:01] __main__             [INFO    ] Data split: 80.0% train (5,744) / 20.0% eval (1,435)
[2026-06-17 19:47:01] __main__             [INFO    ] Epochs: 1
[2026-06-17 19:47:01] __main__             [INFO    ] Steps/epoch: 5,744
[2026-06-17 19:47:01] __main__             [INFO    ] Total train steps: 5,744
[2026-06-17 19:47:01] __main__             [INFO    ] Learning rate: 0.001
[2026-06-17 19:47:01] __main__             [INFO    ] Epsilon: 0.03137  (8.0/255)
[2026-06-17 19:47:01] __main__             [INFO    ] lambda_recon: 50.0
[2026-06-17 19:47:01] __main__             [INFO    ] lambda_tv: 5
[2026-06-17 19:47:01] __main__             [INFO    ] Adaptive lambdas: enabled (threshold: 0.05)
[2026-06-17 19:47:01] __main__             [INFO    ]   lambda_recon_max 250.0
[2026-06-17 19:47:01] __main__             [INFO    ]   lambda_tv_max: 25.0
[2026-06-17 19:47:01] __main__             [INFO    ] UNet base_ch: 8
[2026-06-17 19:47:01] __main__             [INFO    ] ============================================================
[2026-06-17 19:47:01] model                [INFO    ] PerturbationUNet | parameters: 122,483
[2026-06-17 19:47:02] trainer              [INFO    ] YOLO backbone loaded | params: 3,157,200 (frozen)
[2026-06-17 19:47:02] trainer              [INFO    ] Caching 4 sample images with person detections...
[2026-06-17 19:47:03] huggingface_hub.utils._http [WARNING ] Warning: You are sending unauthenticated requests to the HF Hub. Please set a HF_TOKEN to enable higher rate limits and faster downloads.
[2026-06-17 19:47:05] trainer              [INFO    ] Starting training | epochs=1 | steps/epoch=5744
[2026-06-17 19:47:15] trainer              [INFO    ] Epoch 01/1 | Step 000050 | Loss 0.2403 (det=0.2270 recon=0.000120 tv=0.000927)
[2026-06-17 19:47:22] trainer              [INFO    ] Epoch 01/1 | Step 000100 | Loss 0.2134 (det=0.2017 recon=0.000126 tv=0.000642)
[2026-06-17 19:47:29] trainer              [INFO    ] Epoch 01/1 | Step 000150 | Loss 0.1636 (det=0.1476 recon=0.000166 tv=0.000925)
[2026-06-17 19:47:37] trainer              [INFO    ] Epoch 01/1 | Step 000200 | Loss 0.1604 (det=0.1328 recon=0.000227 tv=0.001029)
[2026-06-17 19:47:44] trainer              [INFO    ] Epoch 01/1 | Step 000250 | Loss 0.1397 (det=0.1083 recon=0.000200 tv=0.001696)
[2026-06-17 19:47:44] trainer              [INFO    ] Checkpoint saved in outputs\checkpoints\ckpt_ep000_s000250.pt
[2026-06-17 19:47:45] trainer              [INFO    ] Sample grid saved in outputs\samples\sample_s000250.png
[2026-06-17 19:47:52] trainer              [INFO    ] Epoch 01/1 | Step 000300 | Loss 0.1615 (det=0.1268 recon=0.000217 tv=0.001720)
[2026-06-17 19:48:00] trainer              [INFO    ] Epoch 01/1 | Step 000350 | Loss 0.1573 (det=0.1233 recon=0.000259 tv=0.001546)
[2026-06-17 19:48:07] trainer              [INFO    ] Epoch 01/1 | Step 000400 | Loss 0.1498 (det=0.1188 recon=0.000248 tv=0.001085)
[2026-06-17 19:48:15] trainer              [INFO    ] Epoch 01/1 | Step 000450 | Loss 0.1656 (det=0.1352 recon=0.000233 tv=0.001258)
[2026-06-17 19:48:22] trainer              [INFO    ] Epoch 01/1 | Step 000500 | Loss 0.1669 (det=0.1309 recon=0.000205 tv=0.001707)
[2026-06-17 19:48:22] trainer              [INFO    ] Checkpoint saved in outputs\checkpoints\ckpt_ep000_s000500.pt
[2026-06-17 19:48:22] trainer              [INFO    ] Sample grid saved in outputs\samples\sample_s000500.png
[2026-06-17 19:48:30] trainer              [INFO    ] Epoch 01/1 | Step 000550 | Loss 0.1375 (det=0.0921 recon=0.000203 tv=0.002067)
[2026-06-17 19:48:38] trainer              [INFO    ] Epoch 01/1 | Step 000600 | Loss 0.1354 (det=0.0905 recon=0.000165 tv=0.002377)
[2026-06-17 19:48:45] trainer              [INFO    ] Epoch 01/1 | Step 000650 | Loss 0.1472 (det=0.1014 recon=0.000140 tv=0.002822)
[2026-06-17 19:48:52] trainer              [INFO    ] Epoch 01/1 | Step 000700 | Loss 0.1211 (det=0.0637 recon=0.000203 tv=0.002199)
[2026-06-17 19:49:00] trainer              [INFO    ] Epoch 01/1 | Step 000750 | Loss 0.1631 (det=0.1188 recon=0.000153 tv=0.002874)
[2026-06-17 19:49:00] trainer              [INFO    ] Checkpoint saved in outputs\checkpoints\ckpt_ep000_s000750.pt
[2026-06-17 19:49:00] trainer              [INFO    ] Sample grid saved in outputs\samples\sample_s000750.png
[2026-06-17 19:49:08] trainer              [INFO    ] Epoch 01/1 | Step 000800 | Loss 0.1479 (det=0.0856 recon=0.000157 tv=0.003938)
[2026-06-17 19:49:15] trainer              [INFO    ] Epoch 01/1 | Step 000850 | Loss 0.1294 (det=0.0598 recon=0.000151 tv=0.003875)
[2026-06-17 19:49:22] trainer              [INFO    ] Epoch 01/1 | Step 000900 | Loss 0.1157 (det=0.0510 recon=0.000145 tv=0.003333)
[2026-06-17 19:49:30] trainer              [INFO    ] Epoch 01/1 | Step 000950 | Loss 0.1198 (det=0.0586 recon=0.000125 tv=0.003061)
